Using pre-set license
Built from '2020.3/staging' branch; Version is '2020.3.9f1 (108be757e447) revision 1084391'; Using compiler version '192528614'; Build Type 'Release'
OS: 'Windows 10 Pro; OS build 19042.685; Version 2009; 64bit' Language: 'es' Physical Memory: 16331 MB
BatchMode: 1, IsHumanControllingUs: 0, StartBugReporterOnCrash: 0, Is64bit: 1, IsPro: 0

 COMMAND LINE ARGUMENTS:
D:\Programas\Unity\2020.3.9f1\Editor\Unity.exe
-adb2
-batchMode
-noUpm
-name
AssetImportWorker0
-projectPath
D:/JoseCarlos/Programacion/Unity/PuntuacionApp
-logFile
Logs/AssetImportWorker0.log
-srvPort
6651
Successfully changed project path to: D:/JoseCarlos/Programacion/Unity/PuntuacionApp
D:/JoseCarlos/Programacion/Unity/PuntuacionApp
Using Asset Import Pipeline V2.
Refreshing native plugins compatible for Editor in 57.30 ms, found 1 plugins.
Preloading 0 native plugins for Editor in 0.00 ms.
Initialize engine version: 2020.3.9f1 (108be757e447)
[Subsystems] Discovering subsystems at path D:/Programas/Unity/2020.3.9f1/Editor/Data/Resources/UnitySubsystems
[Subsystems] Discovering subsystems at path D:/JoseCarlos/Programacion/Unity/PuntuacionApp/Assets
GfxDevice: creating device client; threaded=0
Direct3D:
    Version:  Direct3D 11.0 [level 11.1]
    Renderer: NVIDIA GeForce GTX 1060 6GB (ID=0x1c03)
    Vendor:   
    VRAM:     6052 MB
    Driver:   27.21.14.6611
Shader 'Universal Render Pipeline/Particles/Lit': fallback shader 'Universal Render Pipeline/Particles/SimpleLit' not found
Initialize mono
Mono path[0] = 'D:/Programas/Unity/2020.3.9f1/Editor/Data/Managed'
Mono path[1] = 'D:/Programas/Unity/2020.3.9f1/Editor/Data/MonoBleedingEdge/lib/mono/unityjit'
Mono config path = 'D:/Programas/Unity/2020.3.9f1/Editor/Data/MonoBleedingEdge/etc'
Using monoOptions --debugger-agent=transport=dt_socket,embedding=1,server=y,suspend=n,address=127.0.0.1:56456
Begin MonoManager ReloadAssembly
Registering precompiled unity dll's ...
Register platform support module: D:/Programas/Unity/2020.3.9f1/Editor/Data/PlaybackEngines/WindowsStandaloneSupport/UnityEditor.WindowsStandalone.Extensions.dll
Registered in 0.001288 seconds.
Native extension for WindowsStandalone target not found
Refreshing native plugins compatible for Editor in 58.64 ms, found 1 plugins.
Preloading 0 native plugins for Editor in 0.00 ms.
Mono: successfully reloaded assembly
- Completed reload, in  3.019 seconds
Platform modules already initialized, skipping
Registering precompiled user dll's ...
Registered in 0.001715 seconds.
Begin MonoManager ReloadAssembly
Native extension for WindowsStandalone target not found
Refreshing native plugins compatible for Editor in 62.88 ms, found 1 plugins.
Preloading 0 native plugins for Editor in 0.00 ms.
Mono: successfully reloaded assembly
- Completed reload, in  1.128 seconds
Platform modules already initialized, skipping
========================================================================
Worker process is ready to serve import requests
Shader 'Universal Render Pipeline/Particles/Lit': fallback shader 'Universal Render Pipeline/Particles/SimpleLit' not found
Launched and connected shader compiler UnityShaderCompiler.exe after 0.05 seconds
Refreshing native plugins compatible for Editor in 0.84 ms, found 1 plugins.
Preloading 0 native plugins for Editor in 0.00 ms.
Unloading 2964 Unused Serialized files (Serialized files now loaded: 0)
System memory in use before: 131.7 MB.
System memory in use after: 131.9 MB.

Unloading 20 unused Assets to reduce memory usage. Loaded Objects now: 3413.
Total: 2.456900 ms (FindLiveObjects: 0.304000 ms CreateObjectMapping: 0.074600 ms MarkObjects: 2.005500 ms  DeleteObjects: 0.071400 ms)

========================================================================
Received Import Request.
  path: Assets/Prefabs/FormPlayer.prefab
  artifactKey: Guid(bb96e7f6284eede4fa3edf80aa1cb158) Importer(815301076,1909f56bfc062723c751e8b465ee728b)
Start importing Assets/Prefabs/FormPlayer.prefab using Guid(bb96e7f6284eede4fa3edf80aa1cb158) Importer(815301076,1909f56bfc062723c751e8b465ee728b)  -> (artifact id: '0adf189eb27e03f2c012c905c8445dd7') in 0.071911 seconds
  Import took 0.076723 seconds .

========================================================================
Received Import Request.
  Time since last request: 2.561565 seconds.
  path: Assets/Prefabs/FormPlayer.prefab
  artifactKey: Guid(bb96e7f6284eede4fa3edf80aa1cb158) Importer(815301076,1909f56bfc062723c751e8b465ee728b)
Start importing Assets/Prefabs/FormPlayer.prefab using Guid(bb96e7f6284eede4fa3edf80aa1cb158) Importer(815301076,1909f56bfc062723c751e8b465ee728b)  -> (artifact id: '381cd47ec25613cf49d43d2f4d2c7d0c') in 0.006115 seconds
  Import took 0.010755 seconds .

========================================================================
Received Import Request.
  Time since last request: 4.613018 seconds.
  path: Assets/Prefabs/FormPlayer.prefab
  artifactKey: Guid(bb96e7f6284eede4fa3edf80aa1cb158) Importer(815301076,1909f56bfc062723c751e8b465ee728b)
Start importing Assets/Prefabs/FormPlayer.prefab using Guid(bb96e7f6284eede4fa3edf80aa1cb158) Importer(815301076,1909f56bfc062723c751e8b465ee728b)  -> (artifact id: 'bb06bf165c18a49b6f04d91b7fec20cc') in 0.008257 seconds
  Import took 0.021999 seconds .

========================================================================
Received Import Request.
  Time since last request: 4.206106 seconds.
  path: Assets/Prefabs/FormPlayer.prefab
  artifactKey: Guid(bb96e7f6284eede4fa3edf80aa1cb158) Importer(815301076,1909f56bfc062723c751e8b465ee728b)
Start importing Assets/Prefabs/FormPlayer.prefab using Guid(bb96e7f6284eede4fa3edf80aa1cb158) Importer(815301076,1909f56bfc062723c751e8b465ee728b)  -> (artifact id: '5d866a944f43a76a33eecc1508b73208') in 0.039946 seconds
  Import took 0.048004 seconds .

========================================================================
Received Prepare
Registering precompiled user dll's ...
Registered in 0.002512 seconds.
Begin MonoManager ReloadAssembly
Native extension for WindowsStandalone target not found
Refreshing native plugins compatible for Editor in 0.69 ms, found 1 plugins.
Preloading 0 native plugins for Editor in 0.00 ms.
Mono: successfully reloaded assembly
- Completed reload, in  1.076 seconds
Platform modules already initialized, skipping
Switching build target platform(19) subTarget(0) extendedPlatform(0) -> platform(13) subTarget(537395200) extendedPlatform(0)
Shader 'Universal Render Pipeline/Particles/Lit': fallback shader 'Universal Render Pipeline/Particles/SimpleLit' not found
Refreshing native plugins compatible for Editor in 0.56 ms, found 1 plugins.
Preloading 0 native plugins for Editor in 0.00 ms.
Unloading 2853 Unused Serialized files (Serialized files now loaded: 0)
System memory in use before: 123.0 MB.
System memory in use after: 123.2 MB.

Unloading 10 unused Assets to reduce memory usage. Loaded Objects now: 3418.
Total: 2.399000 ms (FindLiveObjects: 0.305700 ms CreateObjectMapping: 0.070800 ms MarkObjects: 1.999000 ms  DeleteObjects: 0.022100 ms)

AssetImportParameters requested are different than current active one (requested -> active):
  custom:graphics/normal-map-encoding: 01000000000000000000000000000000 -> 02000000000000000000000000000000
========================================================================
Received Import Request.
  Time since last request: 59.477650 seconds.
  path: Assets/Prefabs/FormPlayer.prefab
  artifactKey: Guid(bb96e7f6284eede4fa3edf80aa1cb158) Importer(815301076,1909f56bfc062723c751e8b465ee728b)
Start importing Assets/Prefabs/FormPlayer.prefab using Guid(bb96e7f6284eede4fa3edf80aa1cb158) Importer(815301076,1909f56bfc062723c751e8b465ee728b)  -> (artifact id: '64708d267f744f1a1708da86b8c465f1') in 0.051676 seconds
  Import took 0.056070 seconds .

========================================================================
Received Prepare
Registering precompiled user dll's ...
Registered in 0.002030 seconds.
Begin MonoManager ReloadAssembly
Native extension for WindowsStandalone target not found
Refreshing native plugins compatible for Editor in 0.52 ms, found 1 plugins.
Preloading 0 native plugins for Editor in 0.00 ms.
Mono: successfully reloaded assembly
- Completed reload, in  1.145 seconds
Platform modules already initialized, skipping
Switching build target platform(19) subTarget(0) extendedPlatform(0) -> platform(13) subTarget(537395200) extendedPlatform(0)
Shader 'Universal Render Pipeline/Particles/Lit': fallback shader 'Universal Render Pipeline/Particles/SimpleLit' not found
Refreshing native plugins compatible for Editor in 0.53 ms, found 1 plugins.
Preloading 0 native plugins for Editor in 0.00 ms.
Unloading 2853 Unused Serialized files (Serialized files now loaded: 0)
System memory in use before: 123.0 MB.
System memory in use after: 123.3 MB.

Unloading 10 unused Assets to reduce memory usage. Loaded Objects now: 3421.
Total: 2.301300 ms (FindLiveObjects: 0.287600 ms CreateObjectMapping: 0.072000 ms MarkObjects: 1.921200 ms  DeleteObjects: 0.019200 ms)

AssetImportParameters requested are different than current active one (requested -> active):
  custom:graphics/normal-map-encoding: 01000000000000000000000000000000 -> 02000000000000000000000000000000
========================================================================
Received Import Request.
  Time since last request: 193.319270 seconds.
  path: Assets/Prefabs/Image.prefab
  artifactKey: Guid(338c63d93bce32a4bac5d444f961db6e) Importer(815301076,1909f56bfc062723c751e8b465ee728b)
Start importing Assets/Prefabs/Image.prefab using Guid(338c63d93bce32a4bac5d444f961db6e) Importer(815301076,1909f56bfc062723c751e8b465ee728b)  -> (artifact id: '390d9af722eba672a9bf221e4ad55000') in 0.039893 seconds
  Import took 0.044832 seconds .

========================================================================
Received Import Request.
  Time since last request: 7.019385 seconds.
  path: Assets/Prefabs/Color.prefab
  artifactKey: Guid(338c63d93bce32a4bac5d444f961db6e) Importer(815301076,1909f56bfc062723c751e8b465ee728b)
Start importing Assets/Prefabs/Color.prefab using Guid(338c63d93bce32a4bac5d444f961db6e) Importer(815301076,1909f56bfc062723c751e8b465ee728b)  -> (artifact id: '272e8d3ccacfb935fa8c64c4bdcb344d') in 0.010960 seconds
  Import took 0.016676 seconds .

========================================================================
Received Import Request.
  Time since last request: 7.024923 seconds.
  path: Assets/Prefabs/FormPlayer.prefab
  artifactKey: Guid(bb96e7f6284eede4fa3edf80aa1cb158) Importer(815301076,1909f56bfc062723c751e8b465ee728b)
Start importing Assets/Prefabs/FormPlayer.prefab using Guid(bb96e7f6284eede4fa3edf80aa1cb158) Importer(815301076,1909f56bfc062723c751e8b465ee728b)  -> (artifact id: '37810bc83bcf42b1db7ebd3c3c33535b') in 0.023741 seconds
  Import took 0.029302 seconds .

========================================================================
Received Import Request.
  Time since last request: 2.056530 seconds.
  path: Assets/Prefabs/FormPlayer.prefab
  artifactKey: Guid(bb96e7f6284eede4fa3edf80aa1cb158) Importer(815301076,1909f56bfc062723c751e8b465ee728b)
Start importing Assets/Prefabs/FormPlayer.prefab using Guid(bb96e7f6284eede4fa3edf80aa1cb158) Importer(815301076,1909f56bfc062723c751e8b465ee728b)  -> (artifact id: '0e7d2e6a2b763fd160de7808754dfb77') in 0.006130 seconds
  Import took 0.011941 seconds .

========================================================================
Received Import Request.
  Time since last request: 7.696212 seconds.
  path: Assets/Prefabs/FormPlayer.prefab
  artifactKey: Guid(bb96e7f6284eede4fa3edf80aa1cb158) Importer(815301076,1909f56bfc062723c751e8b465ee728b)
Start importing Assets/Prefabs/FormPlayer.prefab using Guid(bb96e7f6284eede4fa3edf80aa1cb158) Importer(815301076,1909f56bfc062723c751e8b465ee728b)  -> (artifact id: 'fca4829ab196ceef0ac9fd1953bdb8ed') in 0.010460 seconds
  Import took 0.017594 seconds .

========================================================================
Received Import Request.
  Time since last request: 4.847437 seconds.
  path: Assets/Prefabs/FormPlayer.prefab
  artifactKey: Guid(bb96e7f6284eede4fa3edf80aa1cb158) Importer(815301076,1909f56bfc062723c751e8b465ee728b)
Start importing Assets/Prefabs/FormPlayer.prefab using Guid(bb96e7f6284eede4fa3edf80aa1cb158) Importer(815301076,1909f56bfc062723c751e8b465ee728b)  -> (artifact id: '8f31242c39073ccb80d1694f0ccc72ad') in 0.011478 seconds
  Import took 0.017985 seconds .

========================================================================
Received Import Request.
  Time since last request: 2.403529 seconds.
  path: Assets/Prefabs/FormPlayer.prefab
  artifactKey: Guid(bb96e7f6284eede4fa3edf80aa1cb158) Importer(815301076,1909f56bfc062723c751e8b465ee728b)
Start importing Assets/Prefabs/FormPlayer.prefab using Guid(bb96e7f6284eede4fa3edf80aa1cb158) Importer(815301076,1909f56bfc062723c751e8b465ee728b)  -> (artifact id: '545728160f57ab2addba229eba6b6efc') in 0.006496 seconds
  Import took 0.011118 seconds .

========================================================================
Received Import Request.
  Time since last request: 5.435917 seconds.
  path: Assets/Prefabs/FormPlayer.prefab
  artifactKey: Guid(bb96e7f6284eede4fa3edf80aa1cb158) Importer(815301076,1909f56bfc062723c751e8b465ee728b)
Start importing Assets/Prefabs/FormPlayer.prefab using Guid(bb96e7f6284eede4fa3edf80aa1cb158) Importer(815301076,1909f56bfc062723c751e8b465ee728b)  -> (artifact id: 'cff1bdc35a47298ba6c717041dd8c55e') in 0.011905 seconds
  Import took 0.018124 seconds .

========================================================================
Received Import Request.
  Time since last request: 5.218434 seconds.
  path: Assets/Prefabs/FormPlayer.prefab
  artifactKey: Guid(bb96e7f6284eede4fa3edf80aa1cb158) Importer(815301076,1909f56bfc062723c751e8b465ee728b)
Start importing Assets/Prefabs/FormPlayer.prefab using Guid(bb96e7f6284eede4fa3edf80aa1cb158) Importer(815301076,1909f56bfc062723c751e8b465ee728b)  -> (artifact id: 'd0fa24a221ba386805446fa6be3ca333') in 0.009438 seconds
  Import took 0.016550 seconds .

========================================================================
Received Prepare
Registering precompiled user dll's ...
Registered in 0.001681 seconds.
Begin MonoManager ReloadAssembly
Native extension for WindowsStandalone target not found
Refreshing native plugins compatible for Editor in 0.55 ms, found 1 plugins.
Preloading 0 native plugins for Editor in 0.00 ms.
Mono: successfully reloaded assembly
- Completed reload, in  1.069 seconds
Platform modules already initialized, skipping
Switching build target platform(19) subTarget(0) extendedPlatform(0) -> platform(13) subTarget(537395200) extendedPlatform(0)
Shader 'Universal Render Pipeline/Particles/Lit': fallback shader 'Universal Render Pipeline/Particles/SimpleLit' not found
Refreshing native plugins compatible for Editor in 0.52 ms, found 1 plugins.
Preloading 0 native plugins for Editor in 0.00 ms.
Unloading 2853 Unused Serialized files (Serialized files now loaded: 0)
System memory in use before: 123.1 MB.
System memory in use after: 123.3 MB.

Unloading 10 unused Assets to reduce memory usage. Loaded Objects now: 3424.
Total: 2.344700 ms (FindLiveObjects: 0.313100 ms CreateObjectMapping: 0.071900 ms MarkObjects: 1.937800 ms  DeleteObjects: 0.020600 ms)

AssetImportParameters requested are different than current active one (requested -> active):
  custom:graphics/normal-map-encoding: 01000000000000000000000000000000 -> 02000000000000000000000000000000
========================================================================
Received Prepare
Registering precompiled user dll's ...
Registered in 0.001938 seconds.
Begin MonoManager ReloadAssembly
Native extension for WindowsStandalone target not found
Refreshing native plugins compatible for Editor in 0.56 ms, found 1 plugins.
Preloading 0 native plugins for Editor in 0.00 ms.
Mono: successfully reloaded assembly
- Completed reload, in  1.061 seconds
Platform modules already initialized, skipping
Switching build target platform(19) subTarget(0) extendedPlatform(0) -> platform(13) subTarget(537395200) extendedPlatform(0)
Shader 'Universal Render Pipeline/Particles/Lit': fallback shader 'Universal Render Pipeline/Particles/SimpleLit' not found
Refreshing native plugins compatible for Editor in 0.58 ms, found 1 plugins.
Preloading 0 native plugins for Editor in 0.00 ms.
Unloading 2853 Unused Serialized files (Serialized files now loaded: 0)
System memory in use before: 123.1 MB.
System memory in use after: 123.3 MB.

Unloading 9 unused Assets to reduce memory usage. Loaded Objects now: 3427.
Total: 2.320000 ms (FindLiveObjects: 0.290000 ms CreateObjectMapping: 0.071100 ms MarkObjects: 1.944100 ms  DeleteObjects: 0.013800 ms)

AssetImportParameters requested are different than current active one (requested -> active):
  custom:graphics/normal-map-encoding: 01000000000000000000000000000000 -> 02000000000000000000000000000000
========================================================================
Received Import Request.
  Time since last request: 187.144263 seconds.
  path: Assets/Prefabs/FormPlayer.prefab
  artifactKey: Guid(bb96e7f6284eede4fa3edf80aa1cb158) Importer(815301076,1909f56bfc062723c751e8b465ee728b)
Start importing Assets/Prefabs/FormPlayer.prefab using Guid(bb96e7f6284eede4fa3edf80aa1cb158) Importer(815301076,1909f56bfc062723c751e8b465ee728b)  -> (artifact id: '9e8bb7fa26043196869fb32fd486deb2') in 0.045865 seconds
  Import took 0.050188 seconds .

========================================================================
Received Import Request.
  Time since last request: 17.466428 seconds.
  path: Assets/Prefabs/FormPlayer.prefab
  artifactKey: Guid(bb96e7f6284eede4fa3edf80aa1cb158) Importer(815301076,1909f56bfc062723c751e8b465ee728b)
Start importing Assets/Prefabs/FormPlayer.prefab using Guid(bb96e7f6284eede4fa3edf80aa1cb158) Importer(815301076,1909f56bfc062723c751e8b465ee728b)  -> (artifact id: '8fcdc25e55fe635e6c5ba131d05818e2') in 0.008731 seconds
  Import took 0.014679 seconds .

========================================================================
Received Import Request.
  Time since last request: 1.756472 seconds.
  path: Assets/Prefabs/FormPlayer.prefab
  artifactKey: Guid(bb96e7f6284eede4fa3edf80aa1cb158) Importer(815301076,1909f56bfc062723c751e8b465ee728b)
Start importing Assets/Prefabs/FormPlayer.prefab using Guid(bb96e7f6284eede4fa3edf80aa1cb158) Importer(815301076,1909f56bfc062723c751e8b465ee728b)  -> (artifact id: '8aa42f5d4d4dccca8f4c7e959c7ae687') in 0.007076 seconds
  Import took 0.011914 seconds .

========================================================================
Received Import Request.
  Time since last request: 71.873330 seconds.
  path: Assets/Material/ColorPickerMaterial 1.mat
  artifactKey: Guid(141d5aa895fa63747b92f358fc269b6e) Importer(815301076,1909f56bfc062723c751e8b465ee728b)
Start importing Assets/Material/ColorPickerMaterial 1.mat using Guid(141d5aa895fa63747b92f358fc269b6e) Importer(815301076,1909f56bfc062723c751e8b465ee728b)  -> (artifact id: 'ed5d2c679a7e1a98b5217a7ca23e05c7') in 0.230675 seconds
  Import took 0.237344 seconds .

========================================================================
Received Import Request.
  Time since last request: 0.003955 seconds.
  path: Assets/Material/ColorPickerMaterial 1.mat
  artifactKey: Guid(141d5aa895fa63747b92f358fc269b6e) Importer(815301076,1909f56bfc062723c751e8b465ee728b)
Start importing Assets/Material/ColorPickerMaterial 1.mat using Guid(141d5aa895fa63747b92f358fc269b6e) Importer(815301076,1909f56bfc062723c751e8b465ee728b)  -> (artifact id: 'ed5d2c679a7e1a98b5217a7ca23e05c7') in 0.014593 seconds
  Import took 0.019514 seconds .

========================================================================
Received Prepare
Registering precompiled user dll's ...
Registered in 0.001726 seconds.
Begin MonoManager ReloadAssembly
Native extension for WindowsStandalone target not found
Refreshing native plugins compatible for Editor in 0.58 ms, found 1 plugins.
Preloading 0 native plugins for Editor in 0.00 ms.
Mono: successfully reloaded assembly
- Completed reload, in  1.148 seconds
Platform modules already initialized, skipping
Switching build target platform(19) subTarget(0) extendedPlatform(0) -> platform(13) subTarget(537395200) extendedPlatform(0)
Shader 'Universal Render Pipeline/Particles/Lit': fallback shader 'Universal Render Pipeline/Particles/SimpleLit' not found
Refreshing native plugins compatible for Editor in 0.55 ms, found 1 plugins.
Preloading 0 native plugins for Editor in 0.00 ms.
Unloading 2853 Unused Serialized files (Serialized files now loaded: 0)
System memory in use before: 128.4 MB.
System memory in use after: 128.6 MB.

Unloading 10 unused Assets to reduce memory usage. Loaded Objects now: 3507.
Total: 2.711800 ms (FindLiveObjects: 0.321000 ms CreateObjectMapping: 0.070500 ms MarkObjects: 2.294200 ms  DeleteObjects: 0.024300 ms)

AssetImportParameters requested are different than current active one (requested -> active):
  custom:graphics/normal-map-encoding: 01000000000000000000000000000000 -> 02000000000000000000000000000000
========================================================================
Received Prepare
Registering precompiled user dll's ...
Registered in 0.001662 seconds.
Begin MonoManager ReloadAssembly
Native extension for WindowsStandalone target not found
Refreshing native plugins compatible for Editor in 0.57 ms, found 1 plugins.
Preloading 0 native plugins for Editor in 0.00 ms.
Mono: successfully reloaded assembly
- Completed reload, in  1.171 seconds
Platform modules already initialized, skipping
Switching build target platform(19) subTarget(0) extendedPlatform(0) -> platform(13) subTarget(537395200) extendedPlatform(0)
Shader 'Universal Render Pipeline/Particles/Lit': fallback shader 'Universal Render Pipeline/Particles/SimpleLit' not found
Refreshing native plugins compatible for Editor in 0.71 ms, found 1 plugins.
Preloading 0 native plugins for Editor in 0.00 ms.
Unloading 2853 Unused Serialized files (Serialized files now loaded: 0)
System memory in use before: 128.4 MB.
System memory in use after: 128.7 MB.

Unloading 9 unused Assets to reduce memory usage. Loaded Objects now: 3510.
Total: 2.999600 ms (FindLiveObjects: 0.350200 ms CreateObjectMapping: 0.074600 ms MarkObjects: 2.556100 ms  DeleteObjects: 0.017100 ms)

AssetImportParameters requested are different than current active one (requested -> active):
  custom:graphics/normal-map-encoding: 01000000000000000000000000000000 -> 02000000000000000000000000000000
========================================================================
Received Import Request.
  Time since last request: 108.406262 seconds.
  path: Assets/Prefabs/Color.prefab
  artifactKey: Guid(338c63d93bce32a4bac5d444f961db6e) Importer(815301076,1909f56bfc062723c751e8b465ee728b)
Start importing Assets/Prefabs/Color.prefab using Guid(338c63d93bce32a4bac5d444f961db6e) Importer(815301076,1909f56bfc062723c751e8b465ee728b)  -> (artifact id: '7cf259d011a8f46dc2e708834f9861a5') in 0.034916 seconds
  Import took 0.039455 seconds .

========================================================================
Received Import Request.
  Time since last request: 0.000206 seconds.
  path: Assets/Prefabs/FormPlayer.prefab
  artifactKey: Guid(bb96e7f6284eede4fa3edf80aa1cb158) Importer(815301076,1909f56bfc062723c751e8b465ee728b)
Start importing Assets/Prefabs/FormPlayer.prefab using Guid(bb96e7f6284eede4fa3edf80aa1cb158) Importer(815301076,1909f56bfc062723c751e8b465ee728b)  -> (artifact id: 'fe184414d87cfd6889556f38bfdf5992') in 0.018883 seconds
  Import took 0.023755 seconds .

========================================================================
Received Prepare
Registering precompiled user dll's ...
Registered in 0.001800 seconds.
Begin MonoManager ReloadAssembly
Native extension for WindowsStandalone target not found
Refreshing native plugins compatible for Editor in 0.53 ms, found 1 plugins.
Preloading 0 native plugins for Editor in 0.00 ms.
Mono: successfully reloaded assembly
- Completed reload, in  1.103 seconds
Platform modules already initialized, skipping
Switching build target platform(19) subTarget(0) extendedPlatform(0) -> platform(13) subTarget(537395200) extendedPlatform(0)
Shader 'Universal Render Pipeline/Particles/Lit': fallback shader 'Universal Render Pipeline/Particles/SimpleLit' not found
Refreshing native plugins compatible for Editor in 0.54 ms, found 1 plugins.
Preloading 0 native plugins for Editor in 0.00 ms.
Unloading 2853 Unused Serialized files (Serialized files now loaded: 0)
System memory in use before: 128.4 MB.
System memory in use after: 128.7 MB.

Unloading 10 unused Assets to reduce memory usage. Loaded Objects now: 3513.
Total: 2.490800 ms (FindLiveObjects: 0.305800 ms CreateObjectMapping: 0.073100 ms MarkObjects: 2.089200 ms  DeleteObjects: 0.021400 ms)

AssetImportParameters requested are different than current active one (requested -> active):
  custom:graphics/normal-map-encoding: 01000000000000000000000000000000 -> 02000000000000000000000000000000
========================================================================
Received Prepare
Registering precompiled user dll's ...
Registered in 0.001931 seconds.
Begin MonoManager ReloadAssembly
Native extension for WindowsStandalone target not found
Refreshing native plugins compatible for Editor in 0.77 ms, found 1 plugins.
Preloading 0 native plugins for Editor in 0.00 ms.
Mono: successfully reloaded assembly
- Completed reload, in  1.129 seconds
Platform modules already initialized, skipping
Switching build target platform(19) subTarget(0) extendedPlatform(0) -> platform(13) subTarget(537395200) extendedPlatform(0)
Shader 'Universal Render Pipeline/Particles/Lit': fallback shader 'Universal Render Pipeline/Particles/SimpleLit' not found
Refreshing native plugins compatible for Editor in 0.54 ms, found 1 plugins.
Preloading 0 native plugins for Editor in 0.00 ms.
Unloading 2853 Unused Serialized files (Serialized files now loaded: 0)
System memory in use before: 128.5 MB.
System memory in use after: 128.7 MB.

Unloading 9 unused Assets to reduce memory usage. Loaded Objects now: 3516.
Total: 2.403100 ms (FindLiveObjects: 0.310600 ms CreateObjectMapping: 0.074100 ms MarkObjects: 2.002400 ms  DeleteObjects: 0.014600 ms)

AssetImportParameters requested are different than current active one (requested -> active):
  custom:graphics/normal-map-encoding: 01000000000000000000000000000000 -> 02000000000000000000000000000000
========================================================================
Received Import Request.
  Time since last request: 473.243583 seconds.
  path: Assets/Prefabs/Color.prefab
  artifactKey: Guid(338c63d93bce32a4bac5d444f961db6e) Importer(815301076,1909f56bfc062723c751e8b465ee728b)
Start importing Assets/Prefabs/Color.prefab using Guid(338c63d93bce32a4bac5d444f961db6e) Importer(815301076,1909f56bfc062723c751e8b465ee728b)  -> (artifact id: '280de8c117ba124f18d042202cfee8da') in 0.080314 seconds
  Import took 0.085847 seconds .

========================================================================
Received Import Request.
  Time since last request: 0.000183 seconds.
  path: Assets/Prefabs/FormPlayer.prefab
  artifactKey: Guid(bb96e7f6284eede4fa3edf80aa1cb158) Importer(815301076,1909f56bfc062723c751e8b465ee728b)
Start importing Assets/Prefabs/FormPlayer.prefab using Guid(bb96e7f6284eede4fa3edf80aa1cb158) Importer(815301076,1909f56bfc062723c751e8b465ee728b)  -> (artifact id: '15e36157d1c53c0368ba85ea8f529276') in 0.024648 seconds
  Import took 0.030440 seconds .

========================================================================
Received Prepare
Registering precompiled user dll's ...
Registered in 0.001910 seconds.
Begin MonoManager ReloadAssembly
Native extension for WindowsStandalone target not found
Refreshing native plugins compatible for Editor in 0.74 ms, found 1 plugins.
Preloading 0 native plugins for Editor in 0.00 ms.
Mono: successfully reloaded assembly
- Completed reload, in  1.168 seconds
Platform modules already initialized, skipping
Switching build target platform(19) subTarget(0) extendedPlatform(0) -> platform(13) subTarget(537395200) extendedPlatform(0)
Shader 'Universal Render Pipeline/Particles/Lit': fallback shader 'Universal Render Pipeline/Particles/SimpleLit' not found
Refreshing native plugins compatible for Editor in 0.87 ms, found 1 plugins.
Preloading 0 native plugins for Editor in 0.00 ms.
Unloading 2853 Unused Serialized files (Serialized files now loaded: 0)
System memory in use before: 128.5 MB.
System memory in use after: 128.7 MB.

Unloading 14 unused Assets to reduce memory usage. Loaded Objects now: 3519.
Total: 2.537800 ms (FindLiveObjects: 0.349700 ms CreateObjectMapping: 0.072800 ms MarkObjects: 2.075800 ms  DeleteObjects: 0.037700 ms)

AssetImportParameters requested are different than current active one (requested -> active):
  custom:graphics/normal-map-encoding: 01000000000000000000000000000000 -> 02000000000000000000000000000000
AssetImportWorkerClient::OnTransportError - code=2 error=End of file
